<?xml version="1.0" encoding="UTF-8"?>
<!-- Generated by org.testng.reporters.JUnitReportReporter -->
<testsuite skipped="0" hostname="nblap195" name="testsuite.Scripts.cancerGold" tests="1" failures="0" timestamp="2020-09-25T16:56:10 IST" time="712.368" errors="0">
  <testcase name="productCancerGold" time="712.368" classname="testsuite.Scripts.cancerGold"/>
  <system-out/>
</testsuite> <!-- testsuite.Scripts.cancerGold -->
