<?xml version="1.0" encoding="UTF-8"?>
<!-- Generated by org.testng.reporters.JUnitReportReporter -->
<testsuite skipped="0" hostname="nblap195" name="testsuite.Scripts.DiabetesSafe" tests="1" failures="0" timestamp="2020-08-11T18:09:31 IST" time="849.855" errors="0">
  <testcase name="productDiabetic" time="849.855" classname="testsuite.Scripts.DiabetesSafe"/>
  <system-out/>
</testsuite> <!-- testsuite.Scripts.DiabetesSafe -->
