<?xml version="1.0" encoding="UTF-8"?>
<!-- Generated by org.testng.reporters.JUnitReportReporter -->
<testsuite skipped="0" hostname="nblap195" name="testsuite.Scripts.HealthGain" tests="1" failures="0" timestamp="2020-09-15T16:16:28 IST" time="254.430" errors="0">
  <testcase name="productHealthgain" time="254.430" classname="testsuite.Scripts.HealthGain"/>
  <system-out/>
</testsuite> <!-- testsuite.Scripts.HealthGain -->
