<?xml version="1.0" encoding="UTF-8"?>
<!-- Generated by org.testng.reporters.JUnitReportReporter -->
<testsuite skipped="0" hostname="nblap195" name="testsuite.Scripts.Comprehensive" tests="1" failures="0" timestamp="2020-09-18T11:51:41 IST" time="264.661" errors="0">
  <testcase name="productComprehensive" time="264.661" classname="testsuite.Scripts.Comprehensive"/>
  <system-out/>
</testsuite> <!-- testsuite.Scripts.Comprehensive -->
