<?xml version="1.0" encoding="UTF-8"?>
<!-- Generated by org.testng.reporters.JUnitReportReporter -->
<testsuite skipped="0" hostname="nblap195" name="testsuite.Scripts.HealthGain" tests="1" failures="0" timestamp="2020-09-25T18:12:15 IST" time="231.849" errors="0">
  <testcase name="productHealthgain" time="231.849" classname="testsuite.Scripts.HealthGain"/>
  <system-out/>
</testsuite> <!-- testsuite.Scripts.HealthGain -->
