<?xml version="1.0" encoding="UTF-8"?>
<!-- Generated by org.testng.reporters.JUnitReportReporter -->
<testsuite skipped="0" hostname="nblap195" name="testsuite.Scripts.familyHealthOptima" tests="1" failures="0" timestamp="2020-09-18T15:42:01 IST" time="230.305" errors="0">
  <testcase name="FHO" time="230.305" classname="testsuite.Scripts.familyHealthOptima"/>
  <system-out/>
</testsuite> <!-- testsuite.Scripts.familyHealthOptima -->
